<?xml version="1.0" encoding="UTF-8"?>
<!-- Generated by org.testng.reporters.JUnitXMLReporter -->
<testsuite ignored="0" hostname="ANUP" failures="0" tests="7" name="all" time="8.901" errors="0" timestamp="2025-12-02T23:06:45 IST">
  <testcase classname="testNG.Before$afterclass" name="test1" time="4.106"/>
  <testcase classname="testNG.Before$afterclass" name="test2" time="1.124"/>
  <testcase classname="testNG.Before$afterclass" name="test3" time="2.742"/>
  <testcase classname="xml2.xml02" name="test1" time="0.001"/>
  <testcase classname="xml2.xml02" name="test2" time="0.0"/>
  <testcase classname="testNG.xml1" name="test1" time="0.001"/>
  <testcase classname="testNG.xml1" name="test2" time="0.002"/>
</testsuite> <!-- all -->
