<?xml version="1.0" encoding="UTF-8"?>
<!-- Generated by org.testng.reporters.JUnitXMLReporter -->
<testsuite ignored="0" hostname="ANUP" failures="0" tests="3" name="com.demoproject.login" time="5.412" errors="0" timestamp="2025-12-02T23:06:36 IST">
  <testcase classname="com.demoproject.login.TestNG" name="test1" time="2.422"/>
  <testcase classname="com.demoproject.login.TestNG" name="test2" time="0.946"/>
  <testcase classname="com.demoproject.login.TestNG" name="test3" time="0.449"/>
</testsuite> <!-- com.demoproject.login -->
