<?xml version="1.0" encoding="UTF-8"?>
<!-- Generated by org.testng.reporters.JUnitXMLReporter -->
<testsuite ignored="2" hostname="ANUP" failures="0" tests="2" name="testNG" time="0.054" errors="0" timestamp="2025-12-03T14:40:41 IST">
  <testcase classname="testNG.group" name="a" time="0.01"/>
  <testcase classname="testNG.group" name="c" time="0.001"/>
  <testcase classname="testNG.group" name="d" time="0.0">
    <ignored/>
  </testcase> <!-- d -->
  <testcase classname="testNG.group" name="b" time="0.0">
    <ignored/>
  </testcase> <!-- b -->
</testsuite> <!-- testNG -->
