<?xml version="1.0" encoding="UTF-8"?>
<!-- Generated by org.testng.reporters.JUnitXMLReporter -->
<testsuite ignored="1" hostname="ANUP" failures="1" tests="27" name="all" time="12.29" errors="0" timestamp="2025-12-03T14:50:15 IST">
  <testcase classname="testNG.Before$afterclass" name="test1" time="6.426"/>
  <testcase classname="testNG.Before$afterclass" name="test2" time="1.249"/>
  <testcase classname="testNG.Before$afterclass" name="test3" time="3.434"/>
  <testcase classname="xml2.xml02" name="test1" time="0.001"/>
  <testcase classname="xml2.xml02" name="test2" time="0.001"/>
  <testcase classname="testNG.dependsOnMethods" name="Automation" time="0.001"/>
  <testcase classname="testNG.dependsOnMethods" name="python" time="0.009">
    <failure type="java.lang.AssertionError" message="expected [true] but found [false]">
      <![CDATA[java.lang.AssertionError: expected [true] but found [false]
at testNG.dependsOnMethods.python(dependsOnMethods.java:28)
at java.base/java.util.ArrayList.forEach(ArrayList.java:1596)
... Removed 29 stack frames]]>
    </failure>
  </testcase> <!-- python -->
  <testcase classname="testNG.dependsOnMethods" name="java" time="0.0">
    <skipped/>
  </testcase> <!-- java -->
  <testcase classname="testNG.dependsOnMethods" name="selenium" time="0.001"/>
  <testcase classname="testNG.dependsOnMethods" name="testng" time="0.001"/>
  <testcase classname="testNG.description" name="hello" time="0.001"/>
  <testcase classname="testNG.description" name="m1" time="0.001"/>
  <testcase classname="testNG.description" name="m3" time="0.001"/>
  <testcase classname="testNG.description" name="m4" time="0.001"/>
  <testcase classname="testNG.disable" name="java" time="0.002"/>
  <testcase classname="testNG.disable" name="selenium" time="0.001"/>
  <testcase classname="testNG.disable" name="testng" time="0.001"/>
  <testcase classname="testNG.group" name="a" time="0.001"/>
  <testcase classname="testNG.group" name="b" time="0.001"/>
  <testcase classname="testNG.group" name="c" time="0.002"/>
  <testcase classname="testNG.group" name="d" time="0.001"/>
  <testcase classname="testNG.priority" name="d" time="0.001"/>
  <testcase classname="testNG.priority" name="b" time="0.001"/>
  <testcase classname="testNG.priority" name="a" time="0.001"/>
  <testcase classname="testNG.priority" name="c" time="0.001"/>
  <testcase classname="testNG.xml1" name="test1" time="0.001"/>
  <testcase classname="testNG.xml1" name="test2" time="0.001"/>
  <testcase classname="testNG.disable" name="python" time="0.0">
    <ignored/>
  </testcase> <!-- python -->
</testsuite> <!-- all -->
