<?xml version="1.0" encoding="UTF-8"?>
<!-- Generated by org.testng.reporters.JUnitXMLReporter -->
<testsuite ignored="0" hostname="ANUP" failures="0" tests="3" name="demoproject" time="18.266" errors="0" timestamp="2025-12-03T14:50:03 IST">
  <testcase classname="com.demoproject.login.TestNG" name="test1" time="4.99"/>
  <testcase classname="com.demoproject.login.TestNG" name="test2" time="1.464"/>
  <testcase classname="com.demoproject.login.TestNG" name="test3" time="0.836"/>
</testsuite> <!-- demoproject -->
