<?xml version="1.0" encoding="UTF-8"?>
<!-- Generated by org.testng.reporters.JUnitXMLReporter -->
<testsuite ignored="0" hostname="ANUP" failures="0" tests="10" name="Mixed Run" time="9.578" errors="0" timestamp="2025-12-02T21:41:23 IST">
  <testcase classname="com.demoproject.login.TestNG" name="test1" time="2.315"/>
  <testcase classname="com.demoproject.login.TestNG" name="test2" time="0.87"/>
  <testcase classname="com.demoproject.login.TestNG" name="test3" time="0.464"/>
  <testcase classname="testNG.Before$afterclass" name="test1" time="2.351"/>
  <testcase classname="testNG.Before$afterclass" name="test2" time="0.858"/>
  <testcase classname="testNG.Before$afterclass" name="test3" time="0.477"/>
  <testcase classname="xml2.xml02" name="test1" time="0.001"/>
  <testcase classname="xml2.xml02" name="test2" time="0.002"/>
  <testcase classname="testNG.xml1" name="test1" time="0.001"/>
  <testcase classname="testNG.xml1" name="test2" time="0.002"/>
</testsuite> <!-- Mixed Run -->
