<?xml version="1.0" encoding="UTF-8"?>
<testng-results ignored="0" total="2" passed="2" failed="0" skipped="0">
  <reporter-output>
  </reporter-output>
  <suite started-at="2025-12-28T15:40:34 IST" name="Default suite" finished-at="2025-12-28T15:40:46 IST" duration-ms="12213">
    <groups>
    </groups>
    <test started-at="2025-12-28T15:40:34 IST" name="Default test" finished-at="2025-12-28T15:40:46 IST" duration-ms="12213">
      <class name="testNG.DataProviderrr">
        <test-method signature="m1(java.lang.String,java.lang.String)[pri:0, instance:testNG.DataProviderrr@4d1c00d0]" started-at="2025-12-28T15:40:34 IST" name="m1" data-provider="Datapro" finished-at="2025-12-28T15:40:42 IST" duration-ms="8210" status="PASS">
          <params>
            <param index="0">
              <value>
                <![CDATA[student]]>
              </value>
            </param>
            <param index="1">
              <value>
                <![CDATA[Password123]]>
              </value>
            </param>
          </params>
          <reporter-output>
          </reporter-output>
        </test-method> <!-- m1 -->
        <test-method signature="m1(java.lang.String,java.lang.String)[pri:0, instance:testNG.DataProviderrr@4d1c00d0]" started-at="2025-12-28T15:40:42 IST" name="m1" data-provider="Datapro" finished-at="2025-12-28T15:40:46 IST" duration-ms="3938" status="PASS">
          <params>
            <param index="0">
              <value>
                <![CDATA[abc]]>
              </value>
            </param>
            <param index="1">
              <value>
                <![CDATA[bac]]>
              </value>
            </param>
          </params>
          <reporter-output>
          </reporter-output>
        </test-method> <!-- m1 -->
      </class> <!-- testNG.DataProviderrr -->
    </test> <!-- Default test -->
  </suite> <!-- Default suite -->
</testng-results>
