<?xml version="1.0" encoding="UTF-8"?>
<!-- Generated by org.testng.reporters.JUnitReportReporter -->
<testsuite hostname="ANUP" failures="0" tests="4" name="testNG.description" time="0.015" errors="0" timestamp="2025-12-26T01:37:12 IST" skipped="0">
  <testcase classname="testNG.description" name="hello" time="0.012"/>
  <testcase classname="testNG.description" name="m3" time="0.001"/>
  <testcase classname="testNG.description" name="m1" time="0.001"/>
  <testcase classname="testNG.description" name="m4" time="0.001"/>
</testsuite> <!-- testNG.description -->
