<?xml version="1.0" encoding="UTF-8"?>
<!-- Generated by org.testng.reporters.JUnitReportReporter -->
<testsuite hostname="ANUP" failures="0" tests="4" name="testNG.priority" time="0.004" errors="0" timestamp="2025-12-07T21:46:25 IST" skipped="0">
  <testcase classname="testNG.priority" name="d" time="0.001"/>
  <testcase classname="testNG.priority" name="b" time="0.001"/>
  <testcase classname="testNG.priority" name="a" time="0.001"/>
  <testcase classname="testNG.priority" name="c" time="0.001"/>
</testsuite> <!-- testNG.priority -->
