<?xml version="1.0" encoding="UTF-8"?>
<!-- Generated by org.testng.reporters.JUnitReportReporter -->
<testsuite hostname="ANUP" failures="0" tests="4" name="testNG.DataDriven" time="16.446" errors="0" timestamp="2025-12-12T14:30:18 IST" skipped="0">
  <testcase classname="testNG.DataDriven" name="login" time="5.077"/>
  <testcase classname="testNG.DataDriven" name="login" time="3.615"/>
  <testcase classname="testNG.DataDriven" name="login" time="1.645"/>
  <testcase classname="testNG.DataDriven" name="login" time="6.109"/>
</testsuite> <!-- testNG.DataDriven -->
