<?xml version="1.0" encoding="UTF-8"?>
<!-- Generated by org.testng.reporters.JUnitReportReporter -->
<testsuite hostname="ANUP" failures="0" tests="4" name="testNG.disable" time="0.004" errors="0" timestamp="2025-12-07T21:46:25 IST" skipped="1">
  <testcase classname="testNG.disable" name="testng" time="0.001"/>
  <testcase classname="testNG.disable" name="java" time="0.002"/>
  <testcase classname="testNG.disable" name="selenium" time="0.001"/>
  <testcase classname="testNG.disable" name="python">
    <skipped/>
  </testcase> <!-- python -->
</testsuite> <!-- testNG.disable -->
