<?xml version="1.0" encoding="UTF-8"?>
<!-- Generated by org.testng.reporters.JUnitReportReporter -->
<testsuite hostname="ANUP" failures="0" tests="1" name="testNG.timeout" time="1.007" errors="1" timestamp="2025-12-07T21:46:25 IST" skipped="0">
  <testcase classname="testNG.timeout" name="test1" time="1.007">
    <error message="Method testNG.timeout.test1() didn&#039;t finish within the time-out 1000" type="org.testng.internal.thread.ThreadTimeoutException">
      <![CDATA[org.testng.internal.thread.ThreadTimeoutException: Method testNG.timeout.test1() didn't finish within the time-out 1000
at java.base/sun.nio.fs.WindowsNativeDispatcher.DeleteFile0(Native Method)
at java.base/sun.nio.fs.WindowsNativeDispatcher.DeleteFile(WindowsNativeDispatcher.java:118)
at java.base/sun.nio.fs.WindowsFileSystemProvider.implDelete(WindowsFileSystemProvider.java:253)
at java.base/sun.nio.fs.AbstractFileSystemProvider.deleteIfExists(AbstractFileSystemProvider.java:110)
at java.base/java.nio.file.Files.deleteIfExists(Files.java:1192)
at java.base/sun.nio.ch.PipeImpl$Initializer$LoopbackConnector.run(PipeImpl.java:169)
at java.base/sun.nio.ch.PipeImpl$Initializer.run(PipeImpl.java:85)
at java.base/sun.nio.ch.PipeImpl$Initializer.run(PipeImpl.java:67)
at java.base/java.security.AccessController.doPrivileged(AccessController.java:571)
at java.base/sun.nio.ch.PipeImpl.<init>(PipeImpl.java:197)
at java.base/sun.nio.ch.WEPollSelectorImpl.<init>(WEPollSelectorImpl.java:79)
at java.base/sun.nio.ch.WEPollSelectorProvider.openSelector(WEPollSelectorProvider.java:33)
at java.base/java.nio.channels.Selector.open(Selector.java:295)
at java.net.http/jdk.internal.net.http.HttpClientImpl$SelectorManager.<init>(HttpClientImpl.java:1132)
at java.net.http/jdk.internal.net.http.HttpClientImpl.<init>(HttpClientImpl.java:505)
at java.net.http/jdk.internal.net.http.HttpClientImpl.create(HttpClientImpl.java:436)
at java.net.http/jdk.internal.net.http.HttpClientBuilderImpl.build(HttpClientBuilderImpl.java:143)
at org.openqa.selenium.remote.http.jdk.JdkHttpClient.<init>(JdkHttpClient.java:156)
at org.openqa.selenium.remote.http.jdk.JdkHttpClient$Factory.createClient(JdkHttpClient.java:561)
at org.openqa.selenium.devtools.CdpEndpointFinder.getHttpClient(CdpEndpointFinder.java:50)
at org.openqa.selenium.chromium.ChromiumDriver.lambda$new$2(ChromiumDriver.java:127)
at java.base/java.util.Optional.map(Optional.java:260)
at org.openqa.selenium.chromium.ChromiumDriver.<init>(ChromiumDriver.java:127)
at org.openqa.selenium.chrome.ChromeDriver.<init>(ChromeDriver.java:88)
at org.openqa.selenium.chrome.ChromeDriver.<init>(ChromeDriver.java:83)
at org.openqa.selenium.chrome.ChromeDriver.<init>(ChromeDriver.java:51)
at testNG.timeout.test1(timeout.java:13)
at java.base/jdk.internal.reflect.DirectMethodHandleAccessor.invoke(DirectMethodHandleAccessor.java:103)
at java.base/java.lang.reflect.Method.invoke(Method.java:580)
at org.testng.internal.invokers.MethodInvocationHelper.invokeMethod(MethodInvocationHelper.java:141)
at org.testng.internal.invokers.InvokeMethodRunnable.runOne(InvokeMethodRunnable.java:47)
at org.testng.internal.invokers.InvokeMethodRunnable.call(InvokeMethodRunnable.java:76)
at org.testng.internal.invokers.InvokeMethodRunnable.call(InvokeMethodRunnable.java:11)
at java.base/java.util.concurrent.FutureTask.run(FutureTask.java:317)
at java.base/java.util.concurrent.ThreadPoolExecutor.runWorker(ThreadPoolExecutor.java:1144)
at java.base/java.util.concurrent.ThreadPoolExecutor$Worker.run(ThreadPoolExecutor.java:642)
at java.base/java.lang.Thread.run(Thread.java:1583)
]]>
    </error>
  </testcase> <!-- test1 -->
</testsuite> <!-- testNG.timeout -->
