<?xml version="1.0" encoding="UTF-8"?>
<!-- Generated by org.testng.reporters.JUnitReportReporter -->
<testsuite hostname="ANUP" failures="0" tests="3" name="testNG.ExtentReport" time="0.024" errors="0" timestamp="2025-12-09T14:54:15 IST" skipped="0">
  <testcase classname="testNG.ExtentReport" name="Test3" time="0.003"/>
  <testcase classname="testNG.ExtentReport" name="Test2" time="0.016"/>
  <testcase classname="testNG.ExtentReport" name="Testl" time="0.005"/>
</testsuite> <!-- testNG.ExtentReport -->
