<?xml version="1.0" encoding="UTF-8"?>
<!-- Generated by org.testng.reporters.JUnitReportReporter -->
<testsuite hostname="ANUP" failures="0" tests="3" name="testNG.InvocationCount" time="4.205" errors="0" timestamp="2025-12-07T22:06:44 IST" skipped="0">
  <testcase classname="testNG.InvocationCount" name="test1" time="1.223"/>
  <testcase classname="testNG.InvocationCount" name="test1" time="1.060"/>
  <testcase classname="testNG.InvocationCount" name="test1" time="1.922"/>
</testsuite> <!-- testNG.InvocationCount -->
