<?xml version="1.0" encoding="UTF-8"?>
<!-- Generated by org.testng.reporters.JUnitReportReporter -->
<testsuite hostname="ANUP" failures="0" tests="3" name="com.demoproject.login.TestNG" time="7.136" errors="0" timestamp="2025-12-03T14:54:19 IST" skipped="0">
  <testcase classname="com.demoproject.login.TestNG" name="test3" time="2.560"/>
  <testcase classname="com.demoproject.login.TestNG" name="test2" time="1.232"/>
  <testcase classname="com.demoproject.login.TestNG" name="test1" time="3.344"/>
</testsuite> <!-- com.demoproject.login.TestNG -->
