<?xml version="1.0" encoding="UTF-8"?>
<!-- Generated by org.testng.reporters.JUnitReportReporter -->
<testsuite hostname="ANUP" failures="0" tests="3" name="testNG.Before$afterclass" time="10.091" errors="0" timestamp="2025-12-07T21:46:25 IST" skipped="0">
  <testcase classname="testNG.Before$afterclass" name="test1" time="5.776"/>
  <testcase classname="testNG.Before$afterclass" name="test3" time="3.088"/>
  <testcase classname="testNG.Before$afterclass" name="test2" time="1.227"/>
</testsuite> <!-- testNG.Before$afterclass -->
